<?xml version="1.0" encoding="UTF-8"?>
<testsuites name="jest tests" tests="3" failures="0" errors="0" time="0.514">
  <testsuite name="Todo API basic tests" errors="0" failures="0" skipped="0" timestamp="2026-05-05T17:58:56" time="0.403" tests="3">
    <testcase classname="Todo API basic tests adds 1 + 1 to equal 2" name="Todo API basic tests adds 1 + 1 to equal 2" time="0.004">
    </testcase>
    <testcase classname="Todo API basic tests task title should be a string" name="Todo API basic tests task title should be a string" time="0.001">
    </testcase>
    <testcase classname="Todo API basic tests task done defaults to false" name="Todo API basic tests task done defaults to false" time="0.003">
    </testcase>
  </testsuite>
</testsuites>